[debug] [2021-08-02T23:25:29.711Z] ----------------------------------------------------------------------
[debug] [2021-08-02T23:25:29.712Z] Command:       /usr/local/bin/node /usr/local/bin/firebase deploy
[debug] [2021-08-02T23:25:29.713Z] CLI Version:   9.16.0
[debug] [2021-08-02T23:25:29.713Z] Platform:      darwin
[debug] [2021-08-02T23:25:29.713Z] Node Version:  v14.5.0
[debug] [2021-08-02T23:25:29.714Z] Time:          Tue Aug 03 2021 01:25:29 GMT+0200 (South Africa Standard Time)
[debug] [2021-08-02T23:25:29.714Z] ----------------------------------------------------------------------
[debug] 
[debug] [2021-08-02T23:25:29.792Z] > command requires scopes: ["email","openid","https://www.googleapis.com/auth/cloudplatformprojects.readonly","https://www.googleapis.com/auth/firebase","https://www.googleapis.com/auth/cloud-platform"]
[debug] [2021-08-02T23:25:29.792Z] > authorizing via signed-in user (ginoleemusic@gmail.com)
[debug] [2021-08-02T23:25:29.792Z] [iam] checking project covid-19-tracker-3342b for permissions ["firebase.projects.get","firebasehosting.sites.update"]
[debug] [2021-08-02T23:25:29.796Z] >>> HTTP REQUEST POST https://cloudresourcemanager.googleapis.com/v1/projects/covid-19-tracker-3342b:testIamPermissions  
 {"permissions":["firebase.projects.get","firebasehosting.sites.update"]}
[debug] [2021-08-02T23:25:31.953Z] <<< HTTP RESPONSE 200 {"content-type":"application/json; charset=UTF-8","vary":"X-Origin, Referer, Origin,Accept-Encoding","date":"Mon, 02 Aug 2021 23:25:32 GMT","server":"ESF","cache-control":"private","x-xss-protection":"0","x-frame-options":"SAMEORIGIN","x-content-type-options":"nosniff","server-timing":"gfet4t7; dur=1491","alt-svc":"h3=\":443\"; ma=2592000,h3-29=\":443\"; ma=2592000,h3-T051=\":443\"; ma=2592000,h3-Q050=\":443\"; ma=2592000,h3-Q046=\":443\"; ma=2592000,h3-Q043=\":443\"; ma=2592000,quic=\":443\"; ma=2592000; v=\"46,43\"","accept-ranges":"none","transfer-encoding":"chunked"}
[debug] [2021-08-02T23:25:31.957Z] > refreshing access token with scopes: []
[debug] [2021-08-02T23:25:31.957Z] >>> HTTP REQUEST POST https://www.googleapis.com/oauth2/v3/token  
 <request body omitted>
[debug] [2021-08-02T23:25:32.478Z] <<< HTTP RESPONSE 200 {"pragma":"no-cache","date":"Mon, 02 Aug 2021 23:25:32 GMT","expires":"Mon, 01 Jan 1990 00:00:00 GMT","cache-control":"no-cache, no-store, max-age=0, must-revalidate","content-type":"application/json; charset=utf-8","vary":"X-Origin, Referer, Origin,Accept-Encoding","server":"scaffolding on HTTPServer2","x-xss-protection":"0","x-frame-options":"SAMEORIGIN","x-content-type-options":"nosniff","alt-svc":"h3=\":443\"; ma=2592000,h3-29=\":443\"; ma=2592000,h3-T051=\":443\"; ma=2592000,h3-Q050=\":443\"; ma=2592000,h3-Q046=\":443\"; ma=2592000,h3-Q043=\":443\"; ma=2592000,quic=\":443\"; ma=2592000; v=\"46,43\"","accept-ranges":"none","transfer-encoding":"chunked"}
[debug] [2021-08-02T23:25:32.502Z] >>> [apiv2][query] GET https://firebase.googleapis.com/v1beta1/projects/covid-19-tracker-3342b [none]
[debug] [2021-08-02T23:25:33.097Z] <<< [apiv2][status] GET https://firebase.googleapis.com/v1beta1/projects/covid-19-tracker-3342b 200
[debug] [2021-08-02T23:25:33.098Z] <<< [apiv2][body] GET https://firebase.googleapis.com/v1beta1/projects/covid-19-tracker-3342b {"projectId":"covid-19-tracker-3342b","projectNumber":"428652012361","displayName":"COVID-19 Tracker","name":"projects/covid-19-tracker-3342b","resources":{"hostingSite":"covid-19-tracker-3342b"},"state":"ACTIVE"}
[info] 
[info] === Deploying to 'covid-19-tracker-3342b'...
[info] 
[info] i  deploying hosting 
[debug] [2021-08-02T23:25:33.101Z] > refreshing access token with scopes: ["email","https://www.googleapis.com/auth/cloud-platform","https://www.googleapis.com/auth/cloudplatformprojects.readonly","https://www.googleapis.com/auth/firebase","openid"]
[debug] [2021-08-02T23:25:33.101Z] >>> HTTP REQUEST POST https://www.googleapis.com/oauth2/v3/token  
 <request body omitted>
[debug] [2021-08-02T23:25:33.605Z] <<< HTTP RESPONSE 200 {"cache-control":"no-cache, no-store, max-age=0, must-revalidate","pragma":"no-cache","expires":"Mon, 01 Jan 1990 00:00:00 GMT","date":"Mon, 02 Aug 2021 23:25:33 GMT","content-type":"application/json; charset=utf-8","vary":"X-Origin, Referer, Origin,Accept-Encoding","server":"scaffolding on HTTPServer2","x-xss-protection":"0","x-frame-options":"SAMEORIGIN","x-content-type-options":"nosniff","alt-svc":"h3=\":443\"; ma=2592000,h3-29=\":443\"; ma=2592000,h3-T051=\":443\"; ma=2592000,h3-Q050=\":443\"; ma=2592000,h3-Q046=\":443\"; ma=2592000,h3-Q043=\":443\"; ma=2592000,quic=\":443\"; ma=2592000; v=\"46,43\"","accept-ranges":"none","transfer-encoding":"chunked"}
[debug] [2021-08-02T23:25:33.623Z] >>> HTTP REQUEST POST https://firebasehosting.googleapis.com/v1beta1/sites/covid-19-tracker-3342b/versions  
 {"config":{"rewrites":[{"glob":"**","path":"/index.html"}]},"labels":{"deployment-tool":"cli-firebase"}}
